LOG 2023/11/17
Save Path: D:\Telegram_Bots\jiocenima\JiocinemaDownloader-main\Logs
Task Start: 2023/11/17 21:34:02
Task CommandLine: N_m3u8DL-RE -M format=mkv:muxer=ffmpeg --concurrent-download --log-level INFO --save-name video https://ak-mediavod.jiocinema.com/bpkvod/jcvod/widevine/65513b3b354222cca216656c_v1/65513b3b354222cca216656c_v1/index_jc_web_premium.mpd?hdnts=st=1700237037~exp=1700237637~acl=/bpkvod/jcvod/widevine/65513b3b354222cca216656c_v1/65513b3b354222cca216656c_v1/*~id=ccb3773d-9286-410d-95b1-efeab125501c~hmac=66f17da95350836f783c751b5fd5d92246156c8dcf0eca9b1fedf365c1f2b18c --key e0fb61b9d6165f34a510cba692207098:e05b65a4ef762a61face68d971dcb777 --key 08fcddd6760f50c2aa4a119905114bf7:8280c9cd96f57b9c637787d8bde6ba42 --key 48eaebe3dbe854f4a480a7f207a08bad:95e6d3da8ff1bb7f933b25e6617b17d0 --key c190d05c8a0e5635b30050d31e48a87c:1701323f23a0841405ae446b3bc2af69

21:34:02.329 INFO : N_m3u8DL-RE (Beta version) 20230628
21:34:02.348 EXTRA: ffmpeg => C:\ffmpeg\bin\ffmpeg.exe
21:34:02.348 EXTRA: mp4decrypt => D:\Telegram_Bots\jiocenima\JiocinemaDownloader-main\mp4decrypt.exe
21:34:02.348 INFO : Loading URL: https://ak-mediavod.jiocinema.com/bpkvod/jcvod/widevine/65513b3b354222cca216656c_v1/65513b3b354222cca216656c_v1/index_jc_web_premium.mpd?hdnts=st=1700237037~exp=1700237637~acl=/bpkvod/jcvod/widevine/65513b3b354222cca216656c_v1/65513b3b354222cca216656c_v1/*~id=ccb3773d-9286-410d-95b1-efeab125501c~hmac=66f17da95350836f783c751b5fd5d92246156c8dcf0eca9b1fedf365c1f2b18c
21:34:03.347 INFO : Content Matched: Dynamic Adaptive Streaming over HTTP
21:34:03.348 INFO : Parsing streams...
21:34:03.478 WARN : Writing meta json
21:34:03.495 INFO : Extracted, there are 12 streams, with 7 basic streams, 4 audio streams, 1 subtitle streams
21:34:03.496 INFO : Vid *CENC 1920x1080 | 2300 Kbps | video=2300000 | avc1.640028 | 603 Segments | ~20m05s
21:34:03.498 INFO : Vid *CENC 1280x720 | 1200 Kbps | video=1200000 | avc1.64001F | 603 Segments | ~20m05s
21:34:03.499 INFO : Vid *CENC 854x480 | 800 Kbps | video=800000 | avc1.4D401E | 603 Segments | ~20m05s
21:34:03.500 INFO : Vid *CENC 640x360 | 600 Kbps | video=600000 | avc1.4D401E | 603 Segments | ~20m05s
21:34:03.501 INFO : Vid *CENC 480x270 | 400 Kbps | video=400000 | avc1.4D4015 | 603 Segments | ~20m05s
21:34:03.502 INFO : Vid *CENC 480x270 | 200 Kbps | video=200000 | avc1.4D4015 | 603 Segments | ~20m05s
21:34:03.503 INFO : Vid 3200x180 | 1 Kbps | thumbnail | 13 Segments | ~21m40s
21:34:03.504 INFO : Aud *CENC audio_kan=125375 | 125 Kbps | mp4a.40.2 | kn | 2CH | 603 Segments | ~20m05s
21:34:03.506 INFO : Aud *CENC audio_kan=93375 | 93 Kbps | mp4a.40.2 | kn | 2CH | 603 Segments | ~20m05s
21:34:03.507 INFO : Aud *CENC audio_kan=61378 | 61 Kbps | mp4a.40.2 | kn | 2CH | 603 Segments | ~20m05s
21:34:03.509 INFO : Aud *CENC audio_kan=45380 | 45 Kbps | mp4a.40.2 | kn | 2CH | 603 Segments | ~20m05s
21:34:03.510 INFO : Sub textstream_eng=1000 | en | stpp.ttml.im1t | 20 Segments | ~19m57s
21:35:15.526 INFO : Parsing streams...
21:35:15.552 INFO : Selected streams:
21:35:15.553 INFO : Vid *CENC 1920x1080 | 2300 Kbps | video=2300000 | avc1.640028 | 603 Segments | ~20m05s
21:35:15.555 INFO : Vid *CENC 1280x720 | 1200 Kbps | video=1200000 | avc1.64001F | 603 Segments | ~20m05s
21:35:15.555 INFO : Vid *CENC 854x480 | 800 Kbps | video=800000 | avc1.4D401E | 603 Segments | ~20m05s
21:35:15.556 INFO : Vid *CENC 640x360 | 600 Kbps | video=600000 | avc1.4D401E | 603 Segments | ~20m05s
21:35:15.557 INFO : Vid *CENC 480x270 | 400 Kbps | video=400000 | avc1.4D4015 | 603 Segments | ~20m05s
21:35:15.558 INFO : Vid *CENC 480x270 | 200 Kbps | video=200000 | avc1.4D4015 | 603 Segments | ~20m05s
21:35:15.558 INFO : Vid 3200x180 | 1 Kbps | thumbnail | 13 Segments | ~21m40s
21:35:15.559 INFO : Aud *CENC audio_kan=125375 | 125 Kbps | mp4a.40.2 | kn | 2CH | 603 Segments | ~20m05s
21:35:15.560 INFO : Sub textstream_eng=1000 | en | stpp.ttml.im1t | 20 Segments | ~19m57s
21:35:15.561 WARN : Writing meta json
21:35:15.591 INFO : Save Name: video
21:35:15.592 WARN : MuxAfterDone is detected, binary merging is automatically enabled
21:35:15.595 INFO : Start downloading...Vid 1920x1080 | 2300 Kbps | video=2300000 | avc1.640028
21:35:15.595 INFO : Start downloading...Vid 854x480 | 800 Kbps | video=800000 | avc1.4D401E
21:35:15.596 INFO : Start downloading...Vid 480x270 | 200 Kbps | video=200000 | avc1.4D4015
21:35:15.596 INFO : Start downloading...Vid 640x360 | 600 Kbps | video=600000 | avc1.4D401E
21:35:15.595 INFO : Start downloading...Vid 1280x720 | 1200 Kbps | video=1200000 | avc1.64001F
21:35:15.597 INFO : Start downloading...Vid 3200x180 | 1 Kbps | thumbnail
21:35:15.597 INFO : Start downloading...Aud audio_kan=125375 | 125 Kbps | mp4a.40.2 | kn | 2CH
21:35:15.601 INFO : Start downloading...Vid 480x270 | 400 Kbps | video=400000 | avc1.4D4015
21:35:15.885 WARN : Type: cenc
21:35:15.888 WARN : PSSH(WV): Igo0MDAwMDczMjg5SOPclZsG
21:35:15.891 WARN : KID: 48eaebe3dbe854f4a480a7f207a08bad
21:35:15.895 WARN : Reading media info...
21:35:15.981 WARN : Type: cenc
21:35:15.984 WARN : PSSH(WV): Igo0MDAwMDczMjg5SOPclZsG
21:35:15.986 WARN : KID: 48eaebe3dbe854f4a480a7f207a08bad
21:35:15.989 WARN : Reading media info...
21:35:16.137 WARN : Type: cenc
21:35:16.141 WARN : PSSH(WV): Igo0MDAwMDczMjg5SOPclZsG
21:35:16.142 WARN : Type: cenc
21:35:16.147 WARN : KID: 48eaebe3dbe854f4a480a7f207a08bad
21:35:16.150 WARN : PSSH(WV): Igo0MDAwMDczMjg5SOPclZsG
21:35:16.153 WARN : Reading media info...
21:35:16.156 WARN : KID: 48eaebe3dbe854f4a480a7f207a08bad
21:35:16.163 WARN : Reading media info...
21:35:16.165 WARN : Type: cenc
21:35:16.171 WARN : PSSH(WV): Igo0MDAwMDczMjg5SOPclZsG
21:35:16.173 WARN : Type: cenc
21:35:16.174 WARN : KID: 48eaebe3dbe854f4a480a7f207a08bad
21:35:16.177 WARN : PSSH(WV): Igo0MDAwMDczMjg5SOPclZsG
21:35:16.177 WARN : Type: cenc
21:35:16.179 WARN : Reading media info...
21:35:16.181 WARN : KID: 48eaebe3dbe854f4a480a7f207a08bad
21:35:16.183 WARN : PSSH(WV): Igo0MDAwMDczMjg5SOPclZsG
21:35:16.190 WARN : Reading media info...
21:35:16.193 WARN : KID: 48eaebe3dbe854f4a480a7f207a08bad
21:35:16.207 WARN : Reading media info...
21:35:16.412 WARN : Reading media info...
21:35:20.716 INFO : [0x1]: Video, h264 (avc1), 480x270
21:35:20.716 INFO : [0x1]: Video, h264 (avc1), 854x480
21:35:20.718 INFO : [0x1]: Video, h264 (avc1), 1920x1080
21:35:20.721 INFO : [0x1]: Video, h264 (avc1), 1280x720
21:35:20.744 INFO : [0x1]: Video, h264 (avc1), 640x360
21:35:20.748 INFO : [0x1]: Audio, aac (mp4a), 125 kb/s
21:35:20.762 INFO : [0x1]: Video, h264 (avc1), 480x270
21:35:20.823 INFO : NaN: Video, mjpeg (Baseline), 3200x180, 25 fps
21:35:27.457 INFO : Binary merging...
21:35:27.478 INFO : Start downloading...Sub textstream_eng=1000 | en | stpp.ttml.im1t
21:35:28.934 WARN : Reading media info...
21:35:29.036 INFO : [0x1]: Subtitle, ttml (stpp) (default)
21:35:33.472 WARN : Extracting TTML(mp4) subtitle...
21:35:33.561 INFO : Binary merging...
21:37:45.563 INFO : Binary merging...
21:37:45.801 INFO : Decrypting...
21:38:03.588 WARN : video.mp4 => video.copy.mp4
21:38:03.595 INFO : Binary merging...
21:38:03.943 INFO : Decrypting...
21:38:21.099 WARN : video.mp4 => video.copy.mp4
21:38:21.103 WARN : video.copy.mp4 => video.copy.copy.mp4
21:38:21.110 INFO : Binary merging...
21:38:21.604 INFO : Decrypting...
21:38:30.687 WARN : video.mp4 => video.copy.mp4
21:38:30.692 WARN : video.copy.mp4 => video.copy.copy.mp4
21:38:30.698 WARN : video.copy.copy.mp4 => video.copy.copy.copy.mp4
21:38:30.703 INFO : Binary merging...
21:38:31.462 INFO : Decrypting...
21:38:53.345 WARN : video.mp4 => video.copy.mp4
21:38:53.353 WARN : video.copy.mp4 => video.copy.copy.mp4
21:38:53.365 WARN : video.copy.copy.mp4 => video.copy.copy.copy.mp4
21:38:53.370 WARN : video.copy.copy.copy.mp4 => video.copy.copy.copy.copy.mp4
21:38:53.375 INFO : Binary merging...
21:38:54.394 INFO : Decrypting...
21:39:17.374 WARN : video.mp4 => video.copy.mp4
21:39:17.380 WARN : video.copy.mp4 => video.copy.copy.mp4
21:39:17.384 WARN : video.copy.copy.mp4 => video.copy.copy.copy.mp4
21:39:17.388 WARN : video.copy.copy.copy.mp4 => video.copy.copy.copy.copy.mp4
21:39:17.395 WARN : video.copy.copy.copy.copy.mp4 => video.copy.copy.copy.copy.copy.mp4
21:39:17.401 INFO : Binary merging...
21:39:18.816 INFO : Decrypting...
21:40:13.038 WARN : video.mp4 => video.copy.mp4
21:40:13.045 WARN : video.copy.mp4 => video.copy.copy.mp4
21:40:13.051 WARN : video.copy.copy.mp4 => video.copy.copy.copy.mp4
21:40:13.055 WARN : video.copy.copy.copy.mp4 => video.copy.copy.copy.copy.mp4
21:40:13.060 WARN : video.copy.copy.copy.copy.mp4 => video.copy.copy.copy.copy.copy.mp4
21:40:13.065 WARN : video.copy.copy.copy.copy.copy.mp4 => video.copy.copy.copy.copy.copy.copy.mp4
21:40:13.070 INFO : Binary merging...
21:40:16.396 INFO : Decrypting...
21:40:22.352 WARN : video.copy.copy.copy.copy.copy.copy.mp4
21:40:22.354 WARN : video.copy.copy.copy.copy.copy.mp4
21:40:22.354 WARN : video.copy.copy.copy.copy.mp4
21:40:22.355 WARN : video.copy.copy.copy.mp4
21:40:22.356 WARN : video.copy.copy.mp4
21:40:22.357 WARN : video.copy.mp4
21:40:22.357 WARN : video.mp4
21:40:22.358 WARN : video.kn.m4a
21:40:22.359 WARN : video.en.srt
21:40:22.361 WARN : Muxing to video.MUX.mkv
21:40:24.499 WARN : [mjpeg @ 000001aedbaa3900] Format mjpeg detected only with low score of 25, misdetection possible!
21:40:30.472 WARN : Cleaning files...
21:40:30.557 WARN : Rename to video.mkv
21:40:30.559 INFO : Done
